Parser version: 7

--------------------------------------------------------------------------------
Reading SK-files:
Done.


Processed input in HSD format written to 'dftb_pin.hsd'

Starting initialization...
--------------------------------------------------------------------------------
OpenMP threads:              6
Chosen random seed:          14811158
Mode:                        Conjugate gradient relaxation
Self consistent charges:     No
Spin polarisation:           No
Nr. of up electrons:           783.000000
Nr. of down electrons:         783.000000
Periodic boundaries:         Yes
Electronic solver:           Divide and Conquer
Nr. of moved atoms:                     300
Max. nr. of geometry steps:              10
Force tolerance:               0.100000E-03
Electronic temperature:        0.100000E-07 H      0.272114E-06 eV
Included shells:             C:  s, p
                             H:  s
                            Si:  s, p, d
                            Al:  s, p, d
                             O:  s, p
K-points and weights:           1:  0.500000  0.500000  0.000000     1.000000

K-points in absolute space:     1:  0.013170  0.013405  0.000000

Extra options:
                             Mulliken analysis
Force type                   original

Total Energy:                     -805.9929232547 H       -21932.1833 eV
Extrapolated to 0:                -805.9929232547 H       -21932.1833 eV
Total Mermin free energy:         -805.9929232547 H       -21932.1833 eV
Force related energy:             -805.9929232547 H       -21932.1833 eV
Volume:                              0.351675E+05 au^3   0.521128E+04 A^3
Pressure:                            0.409346E-03 au     0.120434E+11 Pa

Total Energy:                     -805.9929232547 H       -21932.1833 eV
Extrapolated to 0:                -805.9929232547 H       -21932.1833 eV
Total Mermin free energy:         -805.9929232547 H       -21932.1833 eV
Force related energy:             -805.9929232547 H       -21932.1833 eV
Volume:                              0.351675E+05 au^3   0.521128E+04 A^3
Pressure:                            0.409346E-03 au     0.120434E+11 Pa
